Fri Dec 20 17:36:13 EET 2019 : Apache Derby Network Server - 10.10.2.0 - (1582446) started and ready to accept connections on port 1527
----------------------------------------------------------------
Fri Dec 20 17:36:13 EET 2019:
Booting Derby version The Apache Software Foundation - Apache Derby - 10.10.2.0 - (1582446): instance a816c00e-016f-23bc-b96b-00003d73b917 
on database directory C:\Users\Doðukan\OneDrive\Belgeler\NetBeansProjects\Otomasyon\otomasyon with class loader sun.misc.Launcher$AppClassLoader@49476842 
Loaded from file:/C:/Program%20Files/glassfish-4.1/javadb/lib/derby.jar
java.vendor=Oracle Corporation
java.runtime.version=1.8.0_181-b13
user.dir=C:\Program Files\glassfish-4.1\javadb
os.name=Windows 10
os.arch=amd64
os.version=10.0
derby.system.home=C:\Users\Doðukan\OneDrive\Belgeler\NetBeansProjects\Otomasyon
Database Class Loader started - derby.database.classpath=''
----------------------------------------------------------------
Fri Dec 20 17:45:18 EET 2019: Shutting down Derby engine
----------------------------------------------------------------
Fri Dec 20 17:45:18 EET 2019:
Shutting down instance a816c00e-016f-23bc-b96b-00003d73b917 on database directory C:\Users\Doðukan\OneDrive\Belgeler\NetBeansProjects\Otomasyon\otomasyon with class loader sun.misc.Launcher$AppClassLoader@49476842 
----------------------------------------------------------------
